2023-07-06 21:22:40.946 INFO  com.neu.wiki.WikiApplication                      :55   [32m                  [0;39m Starting WikiApplication using Java 11.0.16.1 on 爸爸的设备 with PID 26404 (E:\cs project\wiki\target\classes started by Zekai in E:\cs project\wiki)
2023-07-06 21:22:40.948 INFO  com.neu.wiki.WikiApplication                      :660  [32m                  [0;39m No active profile set, falling back to default profiles: default
2023-07-06 21:22:41.443 INFO  o.s.boot.web.embedded.tomcat.TomcatWebServer      :108  [32m                  [0;39m Tomcat initialized with port(s): 8080 (http)
2023-07-06 21:22:41.449 INFO  org.apache.coyote.http11.Http11NioProtocol        :173  [32m                  [0;39m Initializing ProtocolHandler ["http-nio-8080"]
2023-07-06 21:22:41.450 INFO  org.apache.catalina.core.StandardService          :173  [32m                  [0;39m Starting service [Tomcat]
2023-07-06 21:22:41.450 INFO  org.apache.catalina.core.StandardEngine           :173  [32m                  [0;39m Starting Servlet engine: [Apache Tomcat/9.0.39]
2023-07-06 21:22:41.492 INFO  o.a.c.core.ContainerBase.[Tomcat].[localhost].[/] :173  [32m                  [0;39m Initializing Spring embedded WebApplicationContext
2023-07-06 21:22:41.492 INFO  o.s.b.w.s.c.ServletWebServerApplicationContext    :289  [32m                  [0;39m Root WebApplicationContext: initialization completed in 510 ms
2023-07-06 21:22:41.582 INFO  o.s.scheduling.concurrent.ThreadPoolTaskExecutor  :181  [32m                  [0;39m Initializing ExecutorService 'applicationTaskExecutor'
2023-07-06 21:22:41.671 INFO  org.apache.coyote.http11.Http11NioProtocol        :173  [32m                  [0;39m Starting ProtocolHandler ["http-nio-8080"]
2023-07-06 21:22:41.690 INFO  o.s.boot.web.embedded.tomcat.TomcatWebServer      :220  [32m                  [0;39m Tomcat started on port(s): 8080 (http) with context path ''
2023-07-06 21:22:41.699 INFO  com.neu.wiki.WikiApplication                      :61   [32m                  [0;39m Started WikiApplication in 1.101 seconds (JVM running for 1.867)
2023-07-06 21:22:41.701 INFO  com.neu.wiki.WikiApplication                      :18   [32m                  [0;39m 启动成功！
2023-07-06 21:22:41.701 INFO  com.neu.wiki.WikiApplication                      :19   [32m                  [0;39m 地址: 	http://127.0.0.1:8080
2023-07-06 21:25:34.889 INFO  com.neu.wiki.WikiApplication                      :55   [32m                  [0;39m Starting WikiApplication using Java 11.0.16.1 on 爸爸的设备 with PID 24740 (E:\cs project\wiki\target\classes started by Zekai in E:\cs project\wiki)
2023-07-06 21:25:34.889 INFO  com.neu.wiki.WikiApplication                      :660  [32m                  [0;39m No active profile set, falling back to default profiles: default
2023-07-06 21:25:35.357 INFO  o.s.boot.web.embedded.tomcat.TomcatWebServer      :108  [32m                  [0;39m Tomcat initialized with port(s): 8080 (http)
2023-07-06 21:25:35.362 INFO  org.apache.coyote.http11.Http11NioProtocol        :173  [32m                  [0;39m Initializing ProtocolHandler ["http-nio-8080"]
2023-07-06 21:25:35.362 INFO  org.apache.catalina.core.StandardService          :173  [32m                  [0;39m Starting service [Tomcat]
2023-07-06 21:25:35.362 INFO  org.apache.catalina.core.StandardEngine           :173  [32m                  [0;39m Starting Servlet engine: [Apache Tomcat/9.0.39]
2023-07-06 21:25:35.408 INFO  o.a.c.core.ContainerBase.[Tomcat].[localhost].[/] :173  [32m                  [0;39m Initializing Spring embedded WebApplicationContext
2023-07-06 21:25:35.408 INFO  o.s.b.w.s.c.ServletWebServerApplicationContext    :289  [32m                  [0;39m Root WebApplicationContext: initialization completed in 488 ms
2023-07-06 21:25:35.490 INFO  o.s.scheduling.concurrent.ThreadPoolTaskExecutor  :181  [32m                  [0;39m Initializing ExecutorService 'applicationTaskExecutor'
2023-07-06 21:25:35.567 INFO  org.apache.coyote.http11.Http11NioProtocol        :173  [32m                  [0;39m Starting ProtocolHandler ["http-nio-8080"]
2023-07-06 21:25:35.588 INFO  o.s.boot.web.embedded.tomcat.TomcatWebServer      :220  [32m                  [0;39m Tomcat started on port(s): 8080 (http) with context path ''
2023-07-06 21:25:35.596 INFO  com.neu.wiki.WikiApplication                      :61   [32m                  [0;39m Started WikiApplication in 0.988 seconds (JVM running for 1.636)
2023-07-06 21:25:35.598 INFO  com.neu.wiki.WikiApplication                      :18   [32m                  [0;39m 启动成功！
2023-07-06 21:25:35.598 INFO  com.neu.wiki.WikiApplication                      :19   [32m                  [0;39m 地址: 	http://127.0.0.1:8080
